<?xml version="1.0" encoding="UTF-8"?>
<testng-results skipped="0" failed="1" ignored="0" total="1" passed="0">
  <reporter-output>
  </reporter-output>
  <suite name="Default suite" duration-ms="14568" started-at="2018-09-19T05:11:48Z" finished-at="2018-09-19T05:12:02Z">
    <groups>
    </groups>
    <test name="Default test" duration-ms="14568" started-at="2018-09-19T05:11:48Z" finished-at="2018-09-19T05:12:02Z">
      <class name="demoselenium3plus.robotFramework">
        <test-method status="PASS" signature="setup()[pri:0, instance:demoselenium3plus.robotFramework@5e5792a0]" name="setup" is-config="true" duration-ms="13611" started-at="2018-09-19T05:11:48Z" finished-at="2018-09-19T05:12:01Z">
          <reporter-output>
          </reporter-output>
        </test-method> <!-- setup -->
        <test-method status="FAIL" signature="robotTest()[pri:0, instance:demoselenium3plus.robotFramework@5e5792a0]" name="robotTest" duration-ms="249" started-at="2018-09-19T05:12:01Z" finished-at="2018-09-19T05:12:01Z">
          <exception class="java.lang.NullPointerException">
            <full-stacktrace>
              <![CDATA[java.lang.NullPointerException
at demoselenium3plus.robotFramework.uploadFileWithRobot(robotFramework.java:53)
at demoselenium3plus.robotFramework.robotTest(robotFramework.java:37)
at sun.reflect.NativeMethodAccessorImpl.invoke0(Native Method)
at sun.reflect.NativeMethodAccessorImpl.invoke(NativeMethodAccessorImpl.java:62)
at sun.reflect.DelegatingMethodAccessorImpl.invoke(DelegatingMethodAccessorImpl.java:43)
at java.lang.reflect.Method.invoke(Method.java:497)
at org.testng.internal.MethodInvocationHelper.invokeMethod(MethodInvocationHelper.java:124)
at org.testng.internal.Invoker.invokeMethod(Invoker.java:580)
at org.testng.internal.Invoker.invokeTestMethod(Invoker.java:716)
at org.testng.internal.Invoker.invokeTestMethods(Invoker.java:988)
at org.testng.internal.TestMethodWorker.invokeTestMethods(TestMethodWorker.java:125)
at org.testng.internal.TestMethodWorker.run(TestMethodWorker.java:109)
at org.testng.TestRunner.privateRun(TestRunner.java:648)
at org.testng.TestRunner.run(TestRunner.java:505)
at org.testng.SuiteRunner.runTest(SuiteRunner.java:455)
at org.testng.SuiteRunner.runSequentially(SuiteRunner.java:450)
at org.testng.SuiteRunner.privateRun(SuiteRunner.java:415)
at org.testng.SuiteRunner.run(SuiteRunner.java:364)
at org.testng.SuiteRunnerWorker.runSuite(SuiteRunnerWorker.java:52)
at org.testng.SuiteRunnerWorker.run(SuiteRunnerWorker.java:84)
at org.testng.TestNG.runSuitesSequentially(TestNG.java:1208)
at org.testng.TestNG.runSuitesLocally(TestNG.java:1137)
at org.testng.TestNG.runSuites(TestNG.java:1049)
at org.testng.TestNG.run(TestNG.java:1017)
at org.testng.remote.AbstractRemoteTestNG.run(AbstractRemoteTestNG.java:114)
at org.testng.remote.RemoteTestNG.initAndRun(RemoteTestNG.java:251)
at org.testng.remote.RemoteTestNG.main(RemoteTestNG.java:77)
]]>
            </full-stacktrace>
          </exception> <!-- java.lang.NullPointerException -->
          <reporter-output>
          </reporter-output>
        </test-method> <!-- robotTest -->
        <test-method status="PASS" signature="teardown()[pri:0, instance:demoselenium3plus.robotFramework@5e5792a0]" name="teardown" is-config="true" duration-ms="652" started-at="2018-09-19T05:12:01Z" finished-at="2018-09-19T05:12:02Z">
          <reporter-output>
          </reporter-output>
        </test-method> <!-- teardown -->
      </class> <!-- demoselenium3plus.robotFramework -->
    </test> <!-- Default test -->
  </suite> <!-- Default suite -->
</testng-results>
